Using pre-set license
Built from '2020.3/release' branch; Version is '2020.3.15f2 (6cf78cb77498) revision 7141260'; Using compiler version '192528614'; Build Type 'Release'
OS: 'Windows 10 Home; OS build 22000.556; Version 2009; 64bit' Language: 'en' Physical Memory: 8013 MB
BatchMode: 1, IsHumanControllingUs: 0, StartBugReporterOnCrash: 0, Is64bit: 1, IsPro: 0

 COMMAND LINE ARGUMENTS:
C:\Program Files\Unity\Hub\Editor\2020.3.15f2\Editor\Unity.exe
-adb2
-batchMode
-noUpm
-name
AssetImportWorker0
-projectPath
C:/Users/lucak/OneDrive/Documents/GitHub/Tempus
-logFile
Logs/AssetImportWorker0.log
-srvPort
49626
Successfully changed project path to: C:/Users/lucak/OneDrive/Documents/GitHub/Tempus
C:/Users/lucak/OneDrive/Documents/GitHub/Tempus
Using Asset Import Pipeline V2.
Refreshing native plugins compatible for Editor in 35.13 ms, found 2 plugins.
Preloading 0 native plugins for Editor in 0.00 ms.
Initialize engine version: 2020.3.15f2 (6cf78cb77498)
[Subsystems] Discovering subsystems at path C:/Program Files/Unity/Hub/Editor/2020.3.15f2/Editor/Data/Resources/UnitySubsystems
[Subsystems] Discovering subsystems at path C:/Users/lucak/OneDrive/Documents/GitHub/Tempus/Assets
GfxDevice: creating device client; threaded=0
Direct3D:
    Version:  Direct3D 11.0 [level 11.1]
    Renderer: NVIDIA GeForce RTX 3050 Laptop GPU (ID=0x25a2)
    Vendor:   
    VRAM:     3991 MB
    Driver:   30.0.15.1179
Initialize mono
Mono path[0] = 'C:/Program Files/Unity/Hub/Editor/2020.3.15f2/Editor/Data/Managed'
Mono path[1] = 'C:/Program Files/Unity/Hub/Editor/2020.3.15f2/Editor/Data/MonoBleedingEdge/lib/mono/unityjit'
Mono config path = 'C:/Program Files/Unity/Hub/Editor/2020.3.15f2/Editor/Data/MonoBleedingEdge/etc'
Using monoOptions --debugger-agent=transport=dt_socket,embedding=1,server=y,suspend=n,address=127.0.0.1:56032
Begin MonoManager ReloadAssembly
Registering precompiled unity dll's ...
Register platform support module: C:/Program Files/Unity/Hub/Editor/2020.3.15f2/Editor/Data/PlaybackEngines/WindowsStandaloneSupport/UnityEditor.WindowsStandalone.Extensions.dll
Registered in 0.001259 seconds.
Native extension for WindowsStandalone target not found
Refreshing native plugins compatible for Editor in 52.09 ms, found 2 plugins.
Preloading 0 native plugins for Editor in 0.00 ms.
Mono: successfully reloaded assembly
- Completed reload, in  0.892 seconds
Domain Reload Profiling:
	ReloadAssembly (892ms)
		BeginReloadAssembly (43ms)
			ExecutionOrderSort (0ms)
			DisableScriptedObjects (0ms)
			BackupInstance (0ms)
			ReleaseScriptingObjects (0ms)
			CreateAndSetChildDomain (1ms)
		EndReloadAssembly (403ms)
			LoadAssemblies (41ms)
			RebuildTransferFunctionScriptingTraits (0ms)
			SetupTypeCache (135ms)
			ReleaseScriptCaches (0ms)
			RebuildScriptCaches (27ms)
			SetupLoadedEditorAssemblies (187ms)
				LogAssemblyErrors (0ms)
				InitializePlatformSupportModulesInManaged (4ms)
				SetLoadedEditorAssemblies (0ms)
				RefreshPlugins (52ms)
				BeforeProcessingInitializeOnLoad (12ms)
				ProcessInitializeOnLoadAttributes (90ms)
				ProcessInitializeOnLoadMethodAttributes (28ms)
				AfterProcessingInitializeOnLoad (0ms)
				EditorAssembliesLoaded (0ms)
			ExecutionOrderSort2 (0ms)
			AwakeInstancesAfterBackupRestoration (0ms)
Platform modules already initialized, skipping
Registering precompiled user dll's ...
Registered in 0.011192 seconds.
Begin MonoManager ReloadAssembly
Native extension for WindowsStandalone target not found
Refreshing native plugins compatible for Editor in 0.42 ms, found 2 plugins.
Preloading 0 native plugins for Editor in 0.00 ms.
Mono: successfully reloaded assembly
- Completed reload, in  1.057 seconds
Domain Reload Profiling:
	ReloadAssembly (1081ms)
		BeginReloadAssembly (120ms)
			ExecutionOrderSort (0ms)
			DisableScriptedObjects (4ms)
			BackupInstance (0ms)
			ReleaseScriptingObjects (0ms)
			CreateAndSetChildDomain (15ms)
		EndReloadAssembly (904ms)
			LoadAssemblies (72ms)
			RebuildTransferFunctionScriptingTraits (0ms)
			SetupTypeCache (278ms)
			ReleaseScriptCaches (0ms)
			RebuildScriptCaches (44ms)
			SetupLoadedEditorAssemblies (403ms)
				LogAssemblyErrors (0ms)
				InitializePlatformSupportModulesInManaged (4ms)
				SetLoadedEditorAssemblies (0ms)
				RefreshPlugins (0ms)
				BeforeProcessingInitializeOnLoad (83ms)
				ProcessInitializeOnLoadAttributes (306ms)
				ProcessInitializeOnLoadMethodAttributes (4ms)
				AfterProcessingInitializeOnLoad (5ms)
				EditorAssembliesLoaded (0ms)
			ExecutionOrderSort2 (0ms)
			AwakeInstancesAfterBackupRestoration (5ms)
Platform modules already initialized, skipping
========================================================================
Worker process is ready to serve import requests
Launched and connected shader compiler UnityShaderCompiler.exe after 0.11 seconds
Refreshing native plugins compatible for Editor in 0.39 ms, found 2 plugins.
Preloading 0 native plugins for Editor in 0.00 ms.
Unloading 2055 Unused Serialized files (Serialized files now loaded: 0)
System memory in use before: 122.8 MB.
System memory in use after: 122.5 MB.

Unloading 21 unused Assets to reduce memory usage. Loaded Objects now: 2513.
Total: 2.833900 ms (FindLiveObjects: 0.194800 ms CreateObjectMapping: 0.071800 ms MarkObjects: 2.234000 ms  DeleteObjects: 0.332300 ms)

AssetImportParameters requested are different than current active one (requested -> active):
  custom:framework-win-MediaFoundation: 216162199b28c13a410421893ffa2e32 -> 
  custom:video-decoder-ogg-theora: a1e56fd34408186e4bbccfd4996cb3dc -> 
  custom:container-muxer-webm: aa71ff27fc2769a1b78a27578f13a17b -> 
  custom:container-demuxer-webm: 4f35f7cbe854078d1ac9338744f61a02 -> 
  custom:container-demuxer-ogg: 62fdf1f143b41e24485cea50d1cbac27 -> 
  custom:video-encoder-webm-vp8: eb34c28f22e8b96e1ab97ce403110664 -> 
  custom:video-decoder-webm-vp8: 9c59270c3fd7afecdb556c50c9e8de78 -> 
  custom:audio-decoder-ogg-vorbis: bf7c407c2cedff20999df2af8eb42d56 -> 
  custom:audio-encoder-webm-vorbis: bf7c407c2cedff20999df2af8eb42d56 -> 
========================================================================
Received Import Request.
  path: Assets/Scenes/playerTest
  artifactKey: Guid(221861a1fc758b54fa51dd5a24a3957b) Importer(815301076,1909f56bfc062723c751e8b465ee728b)
Start importing Assets/Scenes/playerTest using Guid(221861a1fc758b54fa51dd5a24a3957b) Importer(815301076,1909f56bfc062723c751e8b465ee728b)  -> (artifact id: '05b4a5090bf873d3a33922f090610197') in 0.037539 seconds 
  Import took 0.076006 seconds .

========================================================================
Received Import Request.
  Time since last request: 16.513522 seconds.
  path: Assets/Scenes/New Scene.unity
  artifactKey: Guid(4fa581ccea9587744abfd03c6d48dbd5) Importer(815301076,1909f56bfc062723c751e8b465ee728b)
Start importing Assets/Scenes/New Scene.unity using Guid(4fa581ccea9587744abfd03c6d48dbd5) Importer(815301076,1909f56bfc062723c751e8b465ee728b)  -> (artifact id: '909c5d1134e986e1371bf9572e234b03') in 0.011177 seconds 
  Import took 0.017522 seconds .

========================================================================
Received Import Request.
  Time since last request: 6.097278 seconds.
  path: Assets/Scenes/healthBarTest.unity
  artifactKey: Guid(4fa581ccea9587744abfd03c6d48dbd5) Importer(815301076,1909f56bfc062723c751e8b465ee728b)
Start importing Assets/Scenes/healthBarTest.unity using Guid(4fa581ccea9587744abfd03c6d48dbd5) Importer(815301076,1909f56bfc062723c751e8b465ee728b)  -> (artifact id: 'e2a4f720fc7b84863c61273b50b4fef0') in 0.002578 seconds 
  Import took 0.008679 seconds .

========================================================================
Received Import Request.
  Time since last request: 15.992386 seconds.
  path: Assets/Materials/eyesMat.mat
  artifactKey: Guid(0ce06eef0f6dfe24c8055c9f61b8df79) Importer(815301076,1909f56bfc062723c751e8b465ee728b)
Start importing Assets/Materials/eyesMat.mat using Guid(0ce06eef0f6dfe24c8055c9f61b8df79) Importer(815301076,1909f56bfc062723c751e8b465ee728b)  -> (artifact id: 'cccc13f8180ad70187da90c925df9c59') in 0.083124 seconds 
  Import took 0.088120 seconds .

========================================================================
Received Import Request.
  Time since last request: 0.000278 seconds.
  path: Assets/Materials/playerMat.mat
  artifactKey: Guid(3677a36b93fe17740855331d9a92a385) Importer(815301076,1909f56bfc062723c751e8b465ee728b)
Start importing Assets/Materials/playerMat.mat using Guid(3677a36b93fe17740855331d9a92a385) Importer(815301076,1909f56bfc062723c751e8b465ee728b)  -> (artifact id: 'fcffde3bc5ed8636b357b3d117e3c95e') in 0.009390 seconds 
  Import took 0.014040 seconds .

========================================================================
Received Import Request.
  Time since last request: 0.000318 seconds.
  path: Assets/Materials/TestSkybox.mat
  artifactKey: Guid(4af6a050c4d363144a7171d82aebf7b8) Importer(815301076,1909f56bfc062723c751e8b465ee728b)
Start importing Assets/Materials/TestSkybox.mat using Guid(4af6a050c4d363144a7171d82aebf7b8) Importer(815301076,1909f56bfc062723c751e8b465ee728b)  -> (artifact id: '00d596ef594ec25f7d25ae1f706b70af') in 0.012120 seconds 
  Import took 0.019110 seconds .

========================================================================
Received Import Request.
  Time since last request: 0.000348 seconds.
  path: Assets/Materials/groundMat.mat
  artifactKey: Guid(d26af5f3ed824784f9e4e2fc97a0a931) Importer(815301076,1909f56bfc062723c751e8b465ee728b)
Start importing Assets/Materials/groundMat.mat using Guid(d26af5f3ed824784f9e4e2fc97a0a931) Importer(815301076,1909f56bfc062723c751e8b465ee728b)  -> (artifact id: 'b92963a66e52dcc0252da56c66607a17') in 0.010608 seconds 
  Import took 0.016529 seconds .

========================================================================
Received Import Request.
  Time since last request: 23.097033 seconds.
  path: Assets/Prefabs/Player/Animations
  artifactKey: Guid(5c672e0fd71f1c7488644238ed7a373b) Importer(815301076,1909f56bfc062723c751e8b465ee728b)
Start importing Assets/Prefabs/Player/Animations using Guid(5c672e0fd71f1c7488644238ed7a373b) Importer(815301076,1909f56bfc062723c751e8b465ee728b)  -> (artifact id: 'e5103ebe78398f90cb9ce7a5efdc111c') in 0.012727 seconds 
  Import took 0.019262 seconds .

========================================================================
Received Prepare
Registering precompiled user dll's ...
Registered in 0.003853 seconds.
Begin MonoManager ReloadAssembly
Native extension for WindowsStandalone target not found
Refreshing native plugins compatible for Editor in 0.39 ms, found 2 plugins.
Preloading 0 native plugins for Editor in 0.00 ms.
Mono: successfully reloaded assembly
- Completed reload, in  0.914 seconds
Domain Reload Profiling:
	ReloadAssembly (915ms)
		BeginReloadAssembly (107ms)
			ExecutionOrderSort (0ms)
			DisableScriptedObjects (4ms)
			BackupInstance (0ms)
			ReleaseScriptingObjects (0ms)
			CreateAndSetChildDomain (35ms)
		EndReloadAssembly (756ms)
			LoadAssemblies (70ms)
			RebuildTransferFunctionScriptingTraits (0ms)
			SetupTypeCache (241ms)
			ReleaseScriptCaches (1ms)
			RebuildScriptCaches (35ms)
			SetupLoadedEditorAssemblies (325ms)
				LogAssemblyErrors (0ms)
				InitializePlatformSupportModulesInManaged (4ms)
				SetLoadedEditorAssemblies (0ms)
				RefreshPlugins (0ms)
				BeforeProcessingInitializeOnLoad (72ms)
				ProcessInitializeOnLoadAttributes (239ms)
				ProcessInitializeOnLoadMethodAttributes (3ms)
				AfterProcessingInitializeOnLoad (5ms)
				EditorAssembliesLoaded (0ms)
			ExecutionOrderSort2 (0ms)
			AwakeInstancesAfterBackupRestoration (5ms)
Platform modules already initialized, skipping
Refreshing native plugins compatible for Editor in 1.45 ms, found 2 plugins.
Preloading 0 native plugins for Editor in 0.00 ms.
Unloading 1936 Unused Serialized files (Serialized files now loaded: 0)
System memory in use before: 114.9 MB.
System memory in use after: 114.6 MB.

Unloading 16 unused Assets to reduce memory usage. Loaded Objects now: 2557.
Total: 3.285100 ms (FindLiveObjects: 0.607100 ms CreateObjectMapping: 0.133000 ms MarkObjects: 2.167200 ms  DeleteObjects: 0.375300 ms)

AssetImportParameters requested are different than current active one (requested -> active):
  custom:framework-win-MediaFoundation: 216162199b28c13a410421893ffa2e32 -> 
  custom:video-decoder-ogg-theora: a1e56fd34408186e4bbccfd4996cb3dc -> 
  custom:container-muxer-webm: aa71ff27fc2769a1b78a27578f13a17b -> 
  custom:container-demuxer-webm: 4f35f7cbe854078d1ac9338744f61a02 -> 
  custom:container-demuxer-ogg: 62fdf1f143b41e24485cea50d1cbac27 -> 
  custom:video-encoder-webm-vp8: eb34c28f22e8b96e1ab97ce403110664 -> 
  custom:video-decoder-webm-vp8: 9c59270c3fd7afecdb556c50c9e8de78 -> 
  custom:audio-decoder-ogg-vorbis: bf7c407c2cedff20999df2af8eb42d56 -> 
  custom:audio-encoder-webm-vorbis: bf7c407c2cedff20999df2af8eb42d56 -> 
========================================================================
Received Import Request.
  Time since last request: 137.409483 seconds.
  path: Assets/Scenes/New Folder
  artifactKey: Guid(4c4e40408f57eab48820b5cac0e4c6a0) Importer(815301076,1909f56bfc062723c751e8b465ee728b)
Start importing Assets/Scenes/New Folder using Guid(4c4e40408f57eab48820b5cac0e4c6a0) Importer(815301076,1909f56bfc062723c751e8b465ee728b)  -> (artifact id: '10070b6b292c48c3bf4bba9f3522857b') in 0.005306 seconds 
  Import took 0.011217 seconds .

========================================================================
Received Import Request.
  Time since last request: 9.471060 seconds.
  path: Assets/Scenes/HealthBar
  artifactKey: Guid(4c4e40408f57eab48820b5cac0e4c6a0) Importer(815301076,1909f56bfc062723c751e8b465ee728b)
Start importing Assets/Scenes/HealthBar using Guid(4c4e40408f57eab48820b5cac0e4c6a0) Importer(815301076,1909f56bfc062723c751e8b465ee728b)  -> (artifact id: '40b62462c3e1a031ae6ce56dbc4161bc') in 0.003897 seconds 
  Import took 0.008961 seconds .

========================================================================
Received Import Request.
  Time since last request: 11.455230 seconds.
  path: Assets/Scripts/HealthBar
  artifactKey: Guid(94079d3bae11ec04e96d53a94d1a363a) Importer(815301076,1909f56bfc062723c751e8b465ee728b)
Start importing Assets/Scripts/HealthBar using Guid(94079d3bae11ec04e96d53a94d1a363a) Importer(815301076,1909f56bfc062723c751e8b465ee728b)  -> (artifact id: '4ea033d8e2b521e27b487feaac3f003e') in 0.002130 seconds 
  Import took 0.008132 seconds .

========================================================================
Received Import Request.
  Time since last request: 0.000514 seconds.
  path: Assets/Scripts/HealthBar
  artifactKey: Guid(94079d3bae11ec04e96d53a94d1a363a) Importer(815301076,1909f56bfc062723c751e8b465ee728b)
Start importing Assets/Scripts/HealthBar using Guid(94079d3bae11ec04e96d53a94d1a363a) Importer(815301076,1909f56bfc062723c751e8b465ee728b)  -> (artifact id: '4ea033d8e2b521e27b487feaac3f003e') in 0.002880 seconds 
  Import took 0.007365 seconds .

========================================================================
Received Import Request.
  Time since last request: 182.982979 seconds.
  path: Assets/Scripts/HealthBar/HealthBar.cs
  artifactKey: Guid(beed70dc118ba2d4e8ee90c81e0f273a) Importer(815301076,1909f56bfc062723c751e8b465ee728b)
Start importing Assets/Scripts/HealthBar/HealthBar.cs using Guid(beed70dc118ba2d4e8ee90c81e0f273a) Importer(815301076,1909f56bfc062723c751e8b465ee728b)  -> (artifact id: '708d29d46a956fff4838e4cb4d1c9735') in 0.004352 seconds 
  Import took 0.008447 seconds .

========================================================================
Received Import Request.
  Time since last request: 295.091494 seconds.
  path: Assets/Scripts/HealthBar/Resources
  artifactKey: Guid(c06387f474724f042a2a022e3ba6c73a) Importer(815301076,1909f56bfc062723c751e8b465ee728b)
Start importing Assets/Scripts/HealthBar/Resources using Guid(c06387f474724f042a2a022e3ba6c73a) Importer(815301076,1909f56bfc062723c751e8b465ee728b)  -> (artifact id: '632927d1675bfef35d80aa52f7bec8b3') in 0.003575 seconds 
  Import took 0.012410 seconds .

========================================================================
Received Import Request.
  Time since last request: 0.042644 seconds.
  path: Assets/Scripts/HealthBar/Resources/DOTweenSettings.asset
  artifactKey: Guid(b6648266b77e4ab4d9f7658593981fd7) Importer(815301076,1909f56bfc062723c751e8b465ee728b)
Start importing Assets/Scripts/HealthBar/Resources/DOTweenSettings.asset using Guid(b6648266b77e4ab4d9f7658593981fd7) Importer(815301076,1909f56bfc062723c751e8b465ee728b)  -> (artifact id: '8e8aa27c86d6e4b5d419ffa1a6d9615c') in 0.017328 seconds 
  Import took 0.022865 seconds .

========================================================================
Received Prepare
Registering precompiled user dll's ...
Registered in 0.008408 seconds.
Begin MonoManager ReloadAssembly
Native extension for WindowsStandalone target not found
Refreshing native plugins compatible for Editor in 0.64 ms, found 2 plugins.
Preloading 0 native plugins for Editor in 0.00 ms.
Mono: successfully reloaded assembly
- Completed reload, in  1.080 seconds
Domain Reload Profiling:
	ReloadAssembly (1085ms)
		BeginReloadAssembly (201ms)
			ExecutionOrderSort (0ms)
			DisableScriptedObjects (11ms)
			BackupInstance (0ms)
			ReleaseScriptingObjects (0ms)
			CreateAndSetChildDomain (87ms)
		EndReloadAssembly (823ms)
			LoadAssemblies (87ms)
			RebuildTransferFunctionScriptingTraits (0ms)
			SetupTypeCache (252ms)
			ReleaseScriptCaches (1ms)
			RebuildScriptCaches (35ms)
			SetupLoadedEditorAssemblies (359ms)
				LogAssemblyErrors (0ms)
				InitializePlatformSupportModulesInManaged (5ms)
				SetLoadedEditorAssemblies (0ms)
				RefreshPlugins (1ms)
				BeforeProcessingInitializeOnLoad (75ms)
				ProcessInitializeOnLoadAttributes (269ms)
				ProcessInitializeOnLoadMethodAttributes (3ms)
				AfterProcessingInitializeOnLoad (5ms)
				EditorAssembliesLoaded (0ms)
			ExecutionOrderSort2 (0ms)
			AwakeInstancesAfterBackupRestoration (5ms)
Platform modules already initialized, skipping
Refreshing native plugins compatible for Editor in 1.05 ms, found 2 plugins.
Preloading 0 native plugins for Editor in 0.00 ms.
Unloading 1946 Unused Serialized files (Serialized files now loaded: 0)
System memory in use before: 115.4 MB.
System memory in use after: 115.1 MB.

Unloading 18 unused Assets to reduce memory usage. Loaded Objects now: 2574.
Total: 6.404900 ms (FindLiveObjects: 0.659400 ms CreateObjectMapping: 0.147000 ms MarkObjects: 4.834000 ms  DeleteObjects: 0.763000 ms)

AssetImportParameters requested are different than current active one (requested -> active):
  custom:framework-win-MediaFoundation: 216162199b28c13a410421893ffa2e32 -> 
  custom:video-decoder-ogg-theora: a1e56fd34408186e4bbccfd4996cb3dc -> 
  custom:container-muxer-webm: aa71ff27fc2769a1b78a27578f13a17b -> 
  custom:container-demuxer-webm: 4f35f7cbe854078d1ac9338744f61a02 -> 
  custom:container-demuxer-ogg: 62fdf1f143b41e24485cea50d1cbac27 -> 
  custom:video-encoder-webm-vp8: eb34c28f22e8b96e1ab97ce403110664 -> 
  custom:video-decoder-webm-vp8: 9c59270c3fd7afecdb556c50c9e8de78 -> 
  custom:audio-decoder-ogg-vorbis: bf7c407c2cedff20999df2af8eb42d56 -> 
  custom:audio-encoder-webm-vorbis: bf7c407c2cedff20999df2af8eb42d56 -> 
========================================================================
Received Prepare
Registering precompiled user dll's ...
Registered in 0.007531 seconds.
Begin MonoManager ReloadAssembly
Native extension for WindowsStandalone target not found
Refreshing native plugins compatible for Editor in 0.49 ms, found 2 plugins.
Preloading 0 native plugins for Editor in 0.00 ms.
Mono: successfully reloaded assembly
- Completed reload, in  0.954 seconds
Domain Reload Profiling:
	ReloadAssembly (955ms)
		BeginReloadAssembly (105ms)
			ExecutionOrderSort (0ms)
			DisableScriptedObjects (4ms)
			BackupInstance (0ms)
			ReleaseScriptingObjects (0ms)
			CreateAndSetChildDomain (30ms)
		EndReloadAssembly (796ms)
			LoadAssemblies (75ms)
			RebuildTransferFunctionScriptingTraits (0ms)
			SetupTypeCache (247ms)
			ReleaseScriptCaches (1ms)
			RebuildScriptCaches (39ms)
			SetupLoadedEditorAssemblies (340ms)
				LogAssemblyErrors (0ms)
				InitializePlatformSupportModulesInManaged (4ms)
				SetLoadedEditorAssemblies (0ms)
				RefreshPlugins (1ms)
				BeforeProcessingInitializeOnLoad (80ms)
				ProcessInitializeOnLoadAttributes (246ms)
				ProcessInitializeOnLoadMethodAttributes (3ms)
				AfterProcessingInitializeOnLoad (5ms)
				EditorAssembliesLoaded (0ms)
			ExecutionOrderSort2 (0ms)
			AwakeInstancesAfterBackupRestoration (5ms)
Platform modules already initialized, skipping
Refreshing native plugins compatible for Editor in 0.41 ms, found 2 plugins.
Preloading 0 native plugins for Editor in 0.00 ms.
Unloading 1946 Unused Serialized files (Serialized files now loaded: 0)
System memory in use before: 115.4 MB.
System memory in use after: 115.1 MB.

Unloading 18 unused Assets to reduce memory usage. Loaded Objects now: 2577.
Total: 2.596500 ms (FindLiveObjects: 0.173400 ms CreateObjectMapping: 0.069500 ms MarkObjects: 2.011100 ms  DeleteObjects: 0.341600 ms)

AssetImportParameters requested are different than current active one (requested -> active):
  custom:framework-win-MediaFoundation: 216162199b28c13a410421893ffa2e32 -> 
  custom:video-decoder-ogg-theora: a1e56fd34408186e4bbccfd4996cb3dc -> 
  custom:container-muxer-webm: aa71ff27fc2769a1b78a27578f13a17b -> 
  custom:container-demuxer-webm: 4f35f7cbe854078d1ac9338744f61a02 -> 
  custom:container-demuxer-ogg: 62fdf1f143b41e24485cea50d1cbac27 -> 
  custom:video-encoder-webm-vp8: eb34c28f22e8b96e1ab97ce403110664 -> 
  custom:video-decoder-webm-vp8: 9c59270c3fd7afecdb556c50c9e8de78 -> 
  custom:audio-decoder-ogg-vorbis: bf7c407c2cedff20999df2af8eb42d56 -> 
  custom:audio-encoder-webm-vorbis: bf7c407c2cedff20999df2af8eb42d56 -> 
========================================================================
Received Prepare
Registering precompiled user dll's ...
Registered in 0.004334 seconds.
Begin MonoManager ReloadAssembly
Native extension for WindowsStandalone target not found
Refreshing native plugins compatible for Editor in 0.54 ms, found 2 plugins.
Preloading 0 native plugins for Editor in 0.00 ms.
Mono: successfully reloaded assembly
- Completed reload, in  1.001 seconds
Domain Reload Profiling:
	ReloadAssembly (1001ms)
		BeginReloadAssembly (110ms)
			ExecutionOrderSort (0ms)
			DisableScriptedObjects (4ms)
			BackupInstance (0ms)
			ReleaseScriptingObjects (0ms)
			CreateAndSetChildDomain (32ms)
		EndReloadAssembly (841ms)
			LoadAssemblies (72ms)
			RebuildTransferFunctionScriptingTraits (0ms)
			SetupTypeCache (277ms)
			ReleaseScriptCaches (1ms)
			RebuildScriptCaches (40ms)
			SetupLoadedEditorAssemblies (346ms)
				LogAssemblyErrors (0ms)
				InitializePlatformSupportModulesInManaged (4ms)
				SetLoadedEditorAssemblies (0ms)
				RefreshPlugins (1ms)
				BeforeProcessingInitializeOnLoad (73ms)
				ProcessInitializeOnLoadAttributes (257ms)
				ProcessInitializeOnLoadMethodAttributes (4ms)
				AfterProcessingInitializeOnLoad (6ms)
				EditorAssembliesLoaded (1ms)
			ExecutionOrderSort2 (0ms)
			AwakeInstancesAfterBackupRestoration (8ms)
Platform modules already initialized, skipping
Refreshing native plugins compatible for Editor in 0.42 ms, found 2 plugins.
Preloading 0 native plugins for Editor in 0.00 ms.
Unloading 1946 Unused Serialized files (Serialized files now loaded: 0)
System memory in use before: 115.4 MB.
System memory in use after: 115.2 MB.

Unloading 18 unused Assets to reduce memory usage. Loaded Objects now: 2580.
Total: 3.003700 ms (FindLiveObjects: 0.196400 ms CreateObjectMapping: 0.070900 ms MarkObjects: 2.375100 ms  DeleteObjects: 0.360400 ms)

AssetImportParameters requested are different than current active one (requested -> active):
  custom:framework-win-MediaFoundation: 216162199b28c13a410421893ffa2e32 -> 
  custom:video-decoder-ogg-theora: a1e56fd34408186e4bbccfd4996cb3dc -> 
  custom:container-muxer-webm: aa71ff27fc2769a1b78a27578f13a17b -> 
  custom:container-demuxer-webm: 4f35f7cbe854078d1ac9338744f61a02 -> 
  custom:container-demuxer-ogg: 62fdf1f143b41e24485cea50d1cbac27 -> 
  custom:video-encoder-webm-vp8: eb34c28f22e8b96e1ab97ce403110664 -> 
  custom:video-decoder-webm-vp8: 9c59270c3fd7afecdb556c50c9e8de78 -> 
  custom:audio-decoder-ogg-vorbis: bf7c407c2cedff20999df2af8eb42d56 -> 
  custom:audio-encoder-webm-vorbis: bf7c407c2cedff20999df2af8eb42d56 -> 
========================================================================
Received Prepare
Registering precompiled user dll's ...
Registered in 0.012021 seconds.
Begin MonoManager ReloadAssembly
Native extension for WindowsStandalone target not found
Refreshing native plugins compatible for Editor in 0.42 ms, found 2 plugins.
Preloading 0 native plugins for Editor in 0.00 ms.
Mono: successfully reloaded assembly
- Completed reload, in  0.939 seconds
Domain Reload Profiling:
	ReloadAssembly (939ms)
		BeginReloadAssembly (105ms)
			ExecutionOrderSort (0ms)
			DisableScriptedObjects (4ms)
			BackupInstance (0ms)
			ReleaseScriptingObjects (0ms)
			CreateAndSetChildDomain (27ms)
		EndReloadAssembly (783ms)
			LoadAssemblies (91ms)
			RebuildTransferFunctionScriptingTraits (0ms)
			SetupTypeCache (238ms)
			ReleaseScriptCaches (1ms)
			RebuildScriptCaches (37ms)
			SetupLoadedEditorAssemblies (329ms)
				LogAssemblyErrors (0ms)
				InitializePlatformSupportModulesInManaged (4ms)
				SetLoadedEditorAssemblies (0ms)
				RefreshPlugins (0ms)
				BeforeProcessingInitializeOnLoad (72ms)
				ProcessInitializeOnLoadAttributes (243ms)
				ProcessInitializeOnLoadMethodAttributes (3ms)
				AfterProcessingInitializeOnLoad (5ms)
				EditorAssembliesLoaded (0ms)
			ExecutionOrderSort2 (0ms)
			AwakeInstancesAfterBackupRestoration (5ms)
Platform modules already initialized, skipping
Refreshing native plugins compatible for Editor in 0.56 ms, found 2 plugins.
Preloading 0 native plugins for Editor in 0.00 ms.
Unloading 1946 Unused Serialized files (Serialized files now loaded: 0)
System memory in use before: 115.3 MB.
System memory in use after: 115.1 MB.

Unloading 18 unused Assets to reduce memory usage. Loaded Objects now: 2583.
Total: 2.425400 ms (FindLiveObjects: 0.226600 ms CreateObjectMapping: 0.075600 ms MarkObjects: 1.747000 ms  DeleteObjects: 0.375400 ms)

AssetImportParameters requested are different than current active one (requested -> active):
  custom:framework-win-MediaFoundation: 216162199b28c13a410421893ffa2e32 -> 
  custom:video-decoder-ogg-theora: a1e56fd34408186e4bbccfd4996cb3dc -> 
  custom:container-muxer-webm: aa71ff27fc2769a1b78a27578f13a17b -> 
  custom:container-demuxer-webm: 4f35f7cbe854078d1ac9338744f61a02 -> 
  custom:container-demuxer-ogg: 62fdf1f143b41e24485cea50d1cbac27 -> 
  custom:video-encoder-webm-vp8: eb34c28f22e8b96e1ab97ce403110664 -> 
  custom:video-decoder-webm-vp8: 9c59270c3fd7afecdb556c50c9e8de78 -> 
  custom:audio-decoder-ogg-vorbis: bf7c407c2cedff20999df2af8eb42d56 -> 
  custom:audio-encoder-webm-vorbis: bf7c407c2cedff20999df2af8eb42d56 -> 
========================================================================
Received Import Request.
  Time since last request: 943.717530 seconds.
  path: Assets/Scripts/HealthBar/healthBarInnerPNG.png
  artifactKey: Guid(05b585edded53d34fb36f2fb57dd7694) Importer(815301076,1909f56bfc062723c751e8b465ee728b)
Start importing Assets/Scripts/HealthBar/healthBarInnerPNG.png using Guid(05b585edded53d34fb36f2fb57dd7694) Importer(815301076,1909f56bfc062723c751e8b465ee728b)  -> (artifact id: '5bc19ab2ccbbf1958f5d8685c605d3e0') in 0.151097 seconds 
  Import took 0.157230 seconds .

========================================================================
Received Import Request.
  Time since last request: 11.739438 seconds.
  path: Assets/Scripts/HealthBar/healthBarInnerPNG.png
  artifactKey: Guid(05b585edded53d34fb36f2fb57dd7694) Importer(815301076,1909f56bfc062723c751e8b465ee728b)
Start importing Assets/Scripts/HealthBar/healthBarInnerPNG.png using Guid(05b585edded53d34fb36f2fb57dd7694) Importer(815301076,1909f56bfc062723c751e8b465ee728b)  -> (artifact id: '095c97f62310d6cb74d3a1d7b40dd8a2') in 0.033554 seconds 
  Import took 0.038617 seconds .

========================================================================
Received Prepare
Registering precompiled user dll's ...
Registered in 0.006725 seconds.
Begin MonoManager ReloadAssembly
Native extension for WindowsStandalone target not found
Refreshing native plugins compatible for Editor in 0.43 ms, found 2 plugins.
Preloading 0 native plugins for Editor in 0.00 ms.
Mono: successfully reloaded assembly
- Completed reload, in  0.973 seconds
Domain Reload Profiling:
	ReloadAssembly (974ms)
		BeginReloadAssembly (131ms)
			ExecutionOrderSort (0ms)
			DisableScriptedObjects (4ms)
			BackupInstance (0ms)
			ReleaseScriptingObjects (0ms)
			CreateAndSetChildDomain (43ms)
		EndReloadAssembly (788ms)
			LoadAssemblies (77ms)
			RebuildTransferFunctionScriptingTraits (0ms)
			SetupTypeCache (247ms)
			ReleaseScriptCaches (1ms)
			RebuildScriptCaches (37ms)
			SetupLoadedEditorAssemblies (330ms)
				LogAssemblyErrors (0ms)
				InitializePlatformSupportModulesInManaged (4ms)
				SetLoadedEditorAssemblies (0ms)
				RefreshPlugins (0ms)
				BeforeProcessingInitializeOnLoad (73ms)
				ProcessInitializeOnLoadAttributes (243ms)
				ProcessInitializeOnLoadMethodAttributes (3ms)
				AfterProcessingInitializeOnLoad (5ms)
				EditorAssembliesLoaded (0ms)
			ExecutionOrderSort2 (0ms)
			AwakeInstancesAfterBackupRestoration (6ms)
Platform modules already initialized, skipping
Refreshing native plugins compatible for Editor in 0.43 ms, found 2 plugins.
Preloading 0 native plugins for Editor in 0.00 ms.
Unloading 1946 Unused Serialized files (Serialized files now loaded: 0)
System memory in use before: 115.4 MB.
System memory in use after: 115.2 MB.

Unloading 18 unused Assets to reduce memory usage. Loaded Objects now: 2591.
Total: 2.742900 ms (FindLiveObjects: 0.187200 ms CreateObjectMapping: 0.069000 ms MarkObjects: 2.089400 ms  DeleteObjects: 0.396300 ms)

AssetImportParameters requested are different than current active one (requested -> active):
  custom:framework-win-MediaFoundation: 216162199b28c13a410421893ffa2e32 -> 
  custom:video-decoder-ogg-theora: a1e56fd34408186e4bbccfd4996cb3dc -> 
  custom:container-muxer-webm: aa71ff27fc2769a1b78a27578f13a17b -> 
  custom:container-demuxer-webm: 4f35f7cbe854078d1ac9338744f61a02 -> 
  custom:container-demuxer-ogg: 62fdf1f143b41e24485cea50d1cbac27 -> 
  custom:video-encoder-webm-vp8: eb34c28f22e8b96e1ab97ce403110664 -> 
  custom:video-decoder-webm-vp8: 9c59270c3fd7afecdb556c50c9e8de78 -> 
  custom:audio-decoder-ogg-vorbis: bf7c407c2cedff20999df2af8eb42d56 -> 
  custom:audio-encoder-webm-vorbis: bf7c407c2cedff20999df2af8eb42d56 -> 
========================================================================
Received Prepare
Registering precompiled user dll's ...
Registered in 0.004307 seconds.
Begin MonoManager ReloadAssembly
Native extension for WindowsStandalone target not found
Refreshing native plugins compatible for Editor in 0.67 ms, found 2 plugins.
Preloading 0 native plugins for Editor in 0.00 ms.
Mono: successfully reloaded assembly
- Completed reload, in  1.005 seconds
Domain Reload Profiling:
	ReloadAssembly (1005ms)
		BeginReloadAssembly (100ms)
			ExecutionOrderSort (0ms)
			DisableScriptedObjects (4ms)
			BackupInstance (0ms)
			ReleaseScriptingObjects (0ms)
			CreateAndSetChildDomain (27ms)
		EndReloadAssembly (851ms)
			LoadAssemblies (79ms)
			RebuildTransferFunctionScriptingTraits (0ms)
			SetupTypeCache (318ms)
			ReleaseScriptCaches (1ms)
			RebuildScriptCaches (35ms)
			SetupLoadedEditorAssemblies (327ms)
				LogAssemblyErrors (0ms)
				InitializePlatformSupportModulesInManaged (6ms)
				SetLoadedEditorAssemblies (1ms)
				RefreshPlugins (1ms)
				BeforeProcessingInitializeOnLoad (72ms)
				ProcessInitializeOnLoadAttributes (239ms)
				ProcessInitializeOnLoadMethodAttributes (3ms)
				AfterProcessingInitializeOnLoad (5ms)
				EditorAssembliesLoaded (0ms)
			ExecutionOrderSort2 (0ms)
			AwakeInstancesAfterBackupRestoration (5ms)
Platform modules already initialized, skipping
Refreshing native plugins compatible for Editor in 0.43 ms, found 2 plugins.
Preloading 0 native plugins for Editor in 0.00 ms.
Unloading 1946 Unused Serialized files (Serialized files now loaded: 0)
System memory in use before: 115.5 MB.
System memory in use after: 115.2 MB.

Unloading 18 unused Assets to reduce memory usage. Loaded Objects now: 2594.
Total: 2.696100 ms (FindLiveObjects: 0.199000 ms CreateObjectMapping: 0.076600 ms MarkObjects: 2.038000 ms  DeleteObjects: 0.381600 ms)

AssetImportParameters requested are different than current active one (requested -> active):
  custom:framework-win-MediaFoundation: 216162199b28c13a410421893ffa2e32 -> 
  custom:video-decoder-ogg-theora: a1e56fd34408186e4bbccfd4996cb3dc -> 
  custom:container-muxer-webm: aa71ff27fc2769a1b78a27578f13a17b -> 
  custom:container-demuxer-webm: 4f35f7cbe854078d1ac9338744f61a02 -> 
  custom:container-demuxer-ogg: 62fdf1f143b41e24485cea50d1cbac27 -> 
  custom:video-encoder-webm-vp8: eb34c28f22e8b96e1ab97ce403110664 -> 
  custom:video-decoder-webm-vp8: 9c59270c3fd7afecdb556c50c9e8de78 -> 
  custom:audio-decoder-ogg-vorbis: bf7c407c2cedff20999df2af8eb42d56 -> 
  custom:audio-encoder-webm-vorbis: bf7c407c2cedff20999df2af8eb42d56 -> 
========================================================================
Received Prepare
Registering precompiled user dll's ...
Registered in 0.004751 seconds.
Begin MonoManager ReloadAssembly
Native extension for WindowsStandalone target not found
Refreshing native plugins compatible for Editor in 0.42 ms, found 2 plugins.
Preloading 0 native plugins for Editor in 0.00 ms.
Mono: successfully reloaded assembly
- Completed reload, in  1.044 seconds
Domain Reload Profiling:
	ReloadAssembly (1045ms)
		BeginReloadAssembly (121ms)
			ExecutionOrderSort (0ms)
			DisableScriptedObjects (4ms)
			BackupInstance (0ms)
			ReleaseScriptingObjects (0ms)
			CreateAndSetChildDomain (34ms)
		EndReloadAssembly (869ms)
			LoadAssemblies (82ms)
			RebuildTransferFunctionScriptingTraits (0ms)
			SetupTypeCache (322ms)
			ReleaseScriptCaches (1ms)
			RebuildScriptCaches (35ms)
			SetupLoadedEditorAssemblies (350ms)
				LogAssemblyErrors (0ms)
				InitializePlatformSupportModulesInManaged (4ms)
				SetLoadedEditorAssemblies (0ms)
				RefreshPlugins (0ms)
				BeforeProcessingInitializeOnLoad (80ms)
				ProcessInitializeOnLoadAttributes (254ms)
				ProcessInitializeOnLoadMethodAttributes (5ms)
				AfterProcessingInitializeOnLoad (5ms)
				EditorAssembliesLoaded (0ms)
			ExecutionOrderSort2 (0ms)
			AwakeInstancesAfterBackupRestoration (6ms)
Platform modules already initialized, skipping
Refreshing native plugins compatible for Editor in 0.42 ms, found 2 plugins.
Preloading 0 native plugins for Editor in 0.00 ms.
Unloading 1946 Unused Serialized files (Serialized files now loaded: 0)
System memory in use before: 115.5 MB.
System memory in use after: 115.2 MB.

Unloading 18 unused Assets to reduce memory usage. Loaded Objects now: 2597.
Total: 3.088700 ms (FindLiveObjects: 0.207800 ms CreateObjectMapping: 0.072200 ms MarkObjects: 2.430900 ms  DeleteObjects: 0.376900 ms)

AssetImportParameters requested are different than current active one (requested -> active):
  custom:framework-win-MediaFoundation: 216162199b28c13a410421893ffa2e32 -> 
  custom:video-decoder-ogg-theora: a1e56fd34408186e4bbccfd4996cb3dc -> 
  custom:container-muxer-webm: aa71ff27fc2769a1b78a27578f13a17b -> 
  custom:container-demuxer-webm: 4f35f7cbe854078d1ac9338744f61a02 -> 
  custom:container-demuxer-ogg: 62fdf1f143b41e24485cea50d1cbac27 -> 
  custom:video-encoder-webm-vp8: eb34c28f22e8b96e1ab97ce403110664 -> 
  custom:video-decoder-webm-vp8: 9c59270c3fd7afecdb556c50c9e8de78 -> 
  custom:audio-decoder-ogg-vorbis: bf7c407c2cedff20999df2af8eb42d56 -> 
  custom:audio-encoder-webm-vorbis: bf7c407c2cedff20999df2af8eb42d56 -> 
========================================================================
Received Prepare
Registering precompiled user dll's ...
Registered in 0.004551 seconds.
Begin MonoManager ReloadAssembly
Native extension for WindowsStandalone target not found
Refreshing native plugins compatible for Editor in 0.46 ms, found 2 plugins.
Preloading 0 native plugins for Editor in 0.00 ms.
Mono: successfully reloaded assembly
- Completed reload, in  0.943 seconds
Domain Reload Profiling:
	ReloadAssembly (943ms)
		BeginReloadAssembly (99ms)
			ExecutionOrderSort (0ms)
			DisableScriptedObjects (4ms)
			BackupInstance (0ms)
			ReleaseScriptingObjects (0ms)
			CreateAndSetChildDomain (28ms)
		EndReloadAssembly (788ms)
			LoadAssemblies (71ms)
			RebuildTransferFunctionScriptingTraits (0ms)
			SetupTypeCache (249ms)
			ReleaseScriptCaches (1ms)
			RebuildScriptCaches (37ms)
			SetupLoadedEditorAssemblies (344ms)
				LogAssemblyErrors (0ms)
				InitializePlatformSupportModulesInManaged (4ms)
				SetLoadedEditorAssemblies (0ms)
				RefreshPlugins (1ms)
				BeforeProcessingInitializeOnLoad (80ms)
				ProcessInitializeOnLoadAttributes (250ms)
				ProcessInitializeOnLoadMethodAttributes (4ms)
				AfterProcessingInitializeOnLoad (5ms)
				EditorAssembliesLoaded (0ms)
			ExecutionOrderSort2 (0ms)
			AwakeInstancesAfterBackupRestoration (6ms)
Platform modules already initialized, skipping
Refreshing native plugins compatible for Editor in 0.46 ms, found 2 plugins.
Preloading 0 native plugins for Editor in 0.00 ms.
Unloading 1946 Unused Serialized files (Serialized files now loaded: 0)
System memory in use before: 115.5 MB.
System memory in use after: 115.2 MB.

Unloading 18 unused Assets to reduce memory usage. Loaded Objects now: 2600.
Total: 2.757900 ms (FindLiveObjects: 0.210500 ms CreateObjectMapping: 0.072800 ms MarkObjects: 2.059300 ms  DeleteObjects: 0.414400 ms)

AssetImportParameters requested are different than current active one (requested -> active):
  custom:framework-win-MediaFoundation: 216162199b28c13a410421893ffa2e32 -> 
  custom:video-decoder-ogg-theora: a1e56fd34408186e4bbccfd4996cb3dc -> 
  custom:container-muxer-webm: aa71ff27fc2769a1b78a27578f13a17b -> 
  custom:container-demuxer-webm: 4f35f7cbe854078d1ac9338744f61a02 -> 
  custom:container-demuxer-ogg: 62fdf1f143b41e24485cea50d1cbac27 -> 
  custom:video-encoder-webm-vp8: eb34c28f22e8b96e1ab97ce403110664 -> 
  custom:video-decoder-webm-vp8: 9c59270c3fd7afecdb556c50c9e8de78 -> 
  custom:audio-decoder-ogg-vorbis: bf7c407c2cedff20999df2af8eb42d56 -> 
  custom:audio-encoder-webm-vorbis: bf7c407c2cedff20999df2af8eb42d56 -> 
========================================================================
Received Prepare
Registering precompiled user dll's ...
Registered in 0.004519 seconds.
Begin MonoManager ReloadAssembly
Native extension for WindowsStandalone target not found
Refreshing native plugins compatible for Editor in 0.42 ms, found 2 plugins.
Preloading 0 native plugins for Editor in 0.00 ms.
Mono: successfully reloaded assembly
- Completed reload, in  1.009 seconds
Domain Reload Profiling:
	ReloadAssembly (1010ms)
		BeginReloadAssembly (109ms)
			ExecutionOrderSort (0ms)
			DisableScriptedObjects (4ms)
			BackupInstance (0ms)
			ReleaseScriptingObjects (0ms)
			CreateAndSetChildDomain (40ms)
		EndReloadAssembly (847ms)
			LoadAssemblies (75ms)
			RebuildTransferFunctionScriptingTraits (0ms)
			SetupTypeCache (303ms)
			ReleaseScriptCaches (1ms)
			RebuildScriptCaches (36ms)
			SetupLoadedEditorAssemblies (342ms)
				LogAssemblyErrors (0ms)
				InitializePlatformSupportModulesInManaged (4ms)
				SetLoadedEditorAssemblies (0ms)
				RefreshPlugins (0ms)
				BeforeProcessingInitializeOnLoad (74ms)
				ProcessInitializeOnLoadAttributes (252ms)
				ProcessInitializeOnLoadMethodAttributes (4ms)
				AfterProcessingInitializeOnLoad (7ms)
				EditorAssembliesLoaded (0ms)
			ExecutionOrderSort2 (0ms)
			AwakeInstancesAfterBackupRestoration (5ms)
Platform modules already initialized, skipping
Refreshing native plugins compatible for Editor in 0.43 ms, found 2 plugins.
Preloading 0 native plugins for Editor in 0.00 ms.
Unloading 1946 Unused Serialized files (Serialized files now loaded: 0)
System memory in use before: 115.4 MB.
System memory in use after: 115.1 MB.

Unloading 18 unused Assets to reduce memory usage. Loaded Objects now: 2603.
Total: 2.630400 ms (FindLiveObjects: 0.241200 ms CreateObjectMapping: 0.102100 ms MarkObjects: 1.908900 ms  DeleteObjects: 0.377200 ms)

AssetImportParameters requested are different than current active one (requested -> active):
  custom:framework-win-MediaFoundation: 216162199b28c13a410421893ffa2e32 -> 
  custom:video-decoder-ogg-theora: a1e56fd34408186e4bbccfd4996cb3dc -> 
  custom:container-muxer-webm: aa71ff27fc2769a1b78a27578f13a17b -> 
  custom:container-demuxer-webm: 4f35f7cbe854078d1ac9338744f61a02 -> 
  custom:container-demuxer-ogg: 62fdf1f143b41e24485cea50d1cbac27 -> 
  custom:video-encoder-webm-vp8: eb34c28f22e8b96e1ab97ce403110664 -> 
  custom:video-decoder-webm-vp8: 9c59270c3fd7afecdb556c50c9e8de78 -> 
  custom:audio-decoder-ogg-vorbis: bf7c407c2cedff20999df2af8eb42d56 -> 
  custom:audio-encoder-webm-vorbis: bf7c407c2cedff20999df2af8eb42d56 -> 
========================================================================
Received Prepare
Registering precompiled user dll's ...
Registered in 0.012303 seconds.
Begin MonoManager ReloadAssembly
Native extension for WindowsStandalone target not found
Refreshing native plugins compatible for Editor in 0.67 ms, found 2 plugins.
Preloading 0 native plugins for Editor in 0.00 ms.
Mono: successfully reloaded assembly
- Completed reload, in  1.462 seconds
Domain Reload Profiling:
	ReloadAssembly (1462ms)
		BeginReloadAssembly (160ms)
			ExecutionOrderSort (0ms)
			DisableScriptedObjects (6ms)
			BackupInstance (0ms)
			ReleaseScriptingObjects (0ms)
			CreateAndSetChildDomain (55ms)
		EndReloadAssembly (1221ms)
			LoadAssemblies (123ms)
			RebuildTransferFunctionScriptingTraits (0ms)
			SetupTypeCache (407ms)
			ReleaseScriptCaches (1ms)
			RebuildScriptCaches (57ms)
			SetupLoadedEditorAssemblies (503ms)
				LogAssemblyErrors (0ms)
				InitializePlatformSupportModulesInManaged (6ms)
				SetLoadedEditorAssemblies (0ms)
				RefreshPlugins (1ms)
				BeforeProcessingInitializeOnLoad (108ms)
				ProcessInitializeOnLoadAttributes (373ms)
				ProcessInitializeOnLoadMethodAttributes (8ms)
				AfterProcessingInitializeOnLoad (7ms)
				EditorAssembliesLoaded (0ms)
			ExecutionOrderSort2 (0ms)
			AwakeInstancesAfterBackupRestoration (10ms)
Platform modules already initialized, skipping
Refreshing native plugins compatible for Editor in 0.56 ms, found 2 plugins.
Preloading 0 native plugins for Editor in 0.00 ms.
Unloading 1946 Unused Serialized files (Serialized files now loaded: 0)
System memory in use before: 115.5 MB.
System memory in use after: 115.2 MB.

Unloading 18 unused Assets to reduce memory usage. Loaded Objects now: 2606.
Total: 3.092000 ms (FindLiveObjects: 0.236100 ms CreateObjectMapping: 0.091200 ms MarkObjects: 2.275100 ms  DeleteObjects: 0.488300 ms)

AssetImportParameters requested are different than current active one (requested -> active):
  custom:framework-win-MediaFoundation: 216162199b28c13a410421893ffa2e32 -> 
  custom:video-decoder-ogg-theora: a1e56fd34408186e4bbccfd4996cb3dc -> 
  custom:container-muxer-webm: aa71ff27fc2769a1b78a27578f13a17b -> 
  custom:container-demuxer-webm: 4f35f7cbe854078d1ac9338744f61a02 -> 
  custom:container-demuxer-ogg: 62fdf1f143b41e24485cea50d1cbac27 -> 
  custom:video-encoder-webm-vp8: eb34c28f22e8b96e1ab97ce403110664 -> 
  custom:video-decoder-webm-vp8: 9c59270c3fd7afecdb556c50c9e8de78 -> 
  custom:audio-decoder-ogg-vorbis: bf7c407c2cedff20999df2af8eb42d56 -> 
  custom:audio-encoder-webm-vorbis: bf7c407c2cedff20999df2af8eb42d56 -> 
========================================================================
Received Import Request.
  Time since last request: 1061.844429 seconds.
  path: Assets/Scenes/playerTest.unity
  artifactKey: Guid(921c47bb74ce6744d992905242bdaa7c) Importer(815301076,1909f56bfc062723c751e8b465ee728b)
Start importing Assets/Scenes/playerTest.unity using Guid(921c47bb74ce6744d992905242bdaa7c) Importer(815301076,1909f56bfc062723c751e8b465ee728b)  -> (artifact id: '19a0250e083fc3482a667cad04191f87') in 0.107949 seconds 
  Import took 0.114437 seconds .

========================================================================
Received Import Request.
  Time since last request: 68.398994 seconds.
  path: Assets/Prefabs/Player/=PLAYER=.prefab
  artifactKey: Guid(4a58fa509b32355459e880b4c7d011cb) Importer(815301076,1909f56bfc062723c751e8b465ee728b)
Start importing Assets/Prefabs/Player/=PLAYER=.prefab using Guid(4a58fa509b32355459e880b4c7d011cb) Importer(815301076,1909f56bfc062723c751e8b465ee728b)  -> (artifact id: '118f981c33d54c6a4d90bba0da1b9c37') in 0.227960 seconds 
  Import took 0.241326 seconds .

========================================================================
Received Import Request.
  Time since last request: 0.396240 seconds.
  path: Assets/Prefabs/Player/Animations/Falling Idle.fbx
  artifactKey: Guid(aad017835d1b4eb4ca8c1ad683763547) Importer(815301076,1909f56bfc062723c751e8b465ee728b)
Start importing Assets/Prefabs/Player/Animations/Falling Idle.fbx using Guid(aad017835d1b4eb4ca8c1ad683763547) Importer(815301076,1909f56bfc062723c751e8b465ee728b)  -> (artifact id: '686f82cadefff80f58c13194f47b800b') in 0.167256 seconds 
  Import took 0.175533 seconds .

========================================================================
Received Import Request.
  Time since last request: 0.000524 seconds.
  path: Assets/Prefabs/Player/Animations/Falling To Roll.fbx
  artifactKey: Guid(db60f3479aa0a83468b73ca15554579e) Importer(815301076,1909f56bfc062723c751e8b465ee728b)
Start importing Assets/Prefabs/Player/Animations/Falling To Roll.fbx using Guid(db60f3479aa0a83468b73ca15554579e) Importer(815301076,1909f56bfc062723c751e8b465ee728b)  -> (artifact id: '189d24e172d6fb7ce4be21d1f3f07df1') in 0.117400 seconds 
  Import took 0.128341 seconds .

========================================================================
Received Import Request.
  Time since last request: 0.000356 seconds.
  path: Assets/Prefabs/Player/Animations/Running.fbx
  artifactKey: Guid(77d1392739199204fb50eb165a157e65) Importer(815301076,1909f56bfc062723c751e8b465ee728b)
Start importing Assets/Prefabs/Player/Animations/Running.fbx using Guid(77d1392739199204fb50eb165a157e65) Importer(815301076,1909f56bfc062723c751e8b465ee728b)  -> (artifact id: 'a5c6babef058880d3d1ebfb178d79f5f') in 0.121952 seconds 
  Import took 0.128680 seconds .

========================================================================
Received Import Request.
  Time since last request: 0.000399 seconds.
  path: Assets/Prefabs/Player/Animations/Jump.fbx
  artifactKey: Guid(f84676ce415de79409035fd5081cdec6) Importer(815301076,1909f56bfc062723c751e8b465ee728b)
Start importing Assets/Prefabs/Player/Animations/Jump.fbx using Guid(f84676ce415de79409035fd5081cdec6) Importer(815301076,1909f56bfc062723c751e8b465ee728b)  -> (artifact id: '5c959fbbaffcbfb2104a2b414c56c1ba') in 0.112322 seconds 
  Import took 0.120523 seconds .

========================================================================
Received Import Request.
  Time since last request: 0.000412 seconds.
  path: Assets/Prefabs/Player/Animations/Hard Landing.fbx
  artifactKey: Guid(6bece60456afd6f48b2adb62be190a91) Importer(815301076,1909f56bfc062723c751e8b465ee728b)
Start importing Assets/Prefabs/Player/Animations/Hard Landing.fbx using Guid(6bece60456afd6f48b2adb62be190a91) Importer(815301076,1909f56bfc062723c751e8b465ee728b)  -> (artifact id: 'be5737b911f9fd8a4035d38d8f7a81d0') in 0.121373 seconds 
  Import took 0.128075 seconds .

========================================================================
Received Import Request.
  Time since last request: 0.000398 seconds.
  path: Assets/Prefabs/Player/Animations/Jog.fbx
  artifactKey: Guid(ab4a55dc9190e7d4489a3a990c398ae6) Importer(815301076,1909f56bfc062723c751e8b465ee728b)
Start importing Assets/Prefabs/Player/Animations/Jog.fbx using Guid(ab4a55dc9190e7d4489a3a990c398ae6) Importer(815301076,1909f56bfc062723c751e8b465ee728b)  -> (artifact id: '444ac0a94aa78d11126a01ff60070312') in 0.114737 seconds 
  Import took 0.123731 seconds .

========================================================================
Received Import Request.
  Time since last request: 0.000530 seconds.
  path: Assets/Prefabs/Player/Animations/Neutral Idle (1).fbx
  artifactKey: Guid(613a8f63e615d644aa7d5c5a4cc3d70b) Importer(815301076,1909f56bfc062723c751e8b465ee728b)
Start importing Assets/Prefabs/Player/Animations/Neutral Idle (1).fbx using Guid(613a8f63e615d644aa7d5c5a4cc3d70b) Importer(815301076,1909f56bfc062723c751e8b465ee728b)  -> (artifact id: '33a6de613888422d58dd2ab90be1b5b8') in 0.113416 seconds 
  Import took 0.122857 seconds .

========================================================================
Received Import Request.
  Time since last request: 0.000428 seconds.
  path: Assets/Prefabs/Player/Animations/Standing W_Briefcase Idle.fbx
  artifactKey: Guid(03c5e530811583444adcd96b574b01a0) Importer(815301076,1909f56bfc062723c751e8b465ee728b)
Start importing Assets/Prefabs/Player/Animations/Standing W_Briefcase Idle.fbx using Guid(03c5e530811583444adcd96b574b01a0) Importer(815301076,1909f56bfc062723c751e8b465ee728b)  -> (artifact id: 'c3ef86053367c2594224acb241ef7fb7') in 0.111763 seconds 
  Import took 0.118949 seconds .

========================================================================
Received Prepare
Registering precompiled user dll's ...
Registered in 0.005539 seconds.
Begin MonoManager ReloadAssembly
Native extension for WindowsStandalone target not found
Refreshing native plugins compatible for Editor in 0.50 ms, found 2 plugins.
Preloading 0 native plugins for Editor in 0.00 ms.
Mono: successfully reloaded assembly
- Completed reload, in  1.525 seconds
Domain Reload Profiling:
	ReloadAssembly (1525ms)
		BeginReloadAssembly (199ms)
			ExecutionOrderSort (0ms)
			DisableScriptedObjects (5ms)
			BackupInstance (0ms)
			ReleaseScriptingObjects (0ms)
			CreateAndSetChildDomain (66ms)
		EndReloadAssembly (1252ms)
			LoadAssemblies (143ms)
			RebuildTransferFunctionScriptingTraits (0ms)
			SetupTypeCache (391ms)
			ReleaseScriptCaches (1ms)
			RebuildScriptCaches (60ms)
			SetupLoadedEditorAssemblies (556ms)
				LogAssemblyErrors (0ms)
				InitializePlatformSupportModulesInManaged (7ms)
				SetLoadedEditorAssemblies (0ms)
				RefreshPlugins (1ms)
				BeforeProcessingInitializeOnLoad (111ms)
				ProcessInitializeOnLoadAttributes (421ms)
				ProcessInitializeOnLoadMethodAttributes (9ms)
				AfterProcessingInitializeOnLoad (6ms)
				EditorAssembliesLoaded (0ms)
			ExecutionOrderSort2 (0ms)
			AwakeInstancesAfterBackupRestoration (8ms)
Platform modules already initialized, skipping
Refreshing native plugins compatible for Editor in 0.96 ms, found 2 plugins.
Preloading 0 native plugins for Editor in 0.00 ms.
Unloading 1946 Unused Serialized files (Serialized files now loaded: 0)
System memory in use before: 129.5 MB.
System memory in use after: 129.2 MB.

Unloading 20 unused Assets to reduce memory usage. Loaded Objects now: 2615.
Total: 4.907600 ms (FindLiveObjects: 0.386300 ms CreateObjectMapping: 0.110400 ms MarkObjects: 3.995400 ms  DeleteObjects: 0.414100 ms)

AssetImportParameters requested are different than current active one (requested -> active):
  custom:framework-win-MediaFoundation: 216162199b28c13a410421893ffa2e32 -> 
  custom:video-decoder-ogg-theora: a1e56fd34408186e4bbccfd4996cb3dc -> 
  custom:container-muxer-webm: aa71ff27fc2769a1b78a27578f13a17b -> 
  custom:container-demuxer-webm: 4f35f7cbe854078d1ac9338744f61a02 -> 
  custom:container-demuxer-ogg: 62fdf1f143b41e24485cea50d1cbac27 -> 
  custom:video-encoder-webm-vp8: eb34c28f22e8b96e1ab97ce403110664 -> 
  custom:video-decoder-webm-vp8: 9c59270c3fd7afecdb556c50c9e8de78 -> 
  custom:audio-decoder-ogg-vorbis: bf7c407c2cedff20999df2af8eb42d56 -> 
  custom:audio-encoder-webm-vorbis: bf7c407c2cedff20999df2af8eb42d56 -> 
========================================================================
Received Import Request.
  Time since last request: 49.646606 seconds.
  path: Assets/Prefabs/Player/Animations/Falling To Roll.fbx
  artifactKey: Guid(db60f3479aa0a83468b73ca15554579e) Importer(815301076,1909f56bfc062723c751e8b465ee728b)
Start importing Assets/Prefabs/Player/Animations/Falling To Roll.fbx using Guid(db60f3479aa0a83468b73ca15554579e) Importer(815301076,1909f56bfc062723c751e8b465ee728b)  -> (artifact id: 'e9f92f4b7ca0b9e32cae48a5bfdeb677') in 0.217701 seconds 
  Import took 0.224731 seconds .

========================================================================
Received Import Request.
  Time since last request: 67.052250 seconds.
  path: Assets/Prefabs/Player/Animations/PlayerAnim.controller
  artifactKey: Guid(113bc707b5235d04e9484fa2fb0ab443) Importer(815301076,1909f56bfc062723c751e8b465ee728b)
Start importing Assets/Prefabs/Player/Animations/PlayerAnim.controller using Guid(113bc707b5235d04e9484fa2fb0ab443) Importer(815301076,1909f56bfc062723c751e8b465ee728b)  -> (artifact id: '5c4d84ea438a3227f619c064ca586865') in 0.021336 seconds 
  Import took 0.031933 seconds .

========================================================================
Received Import Request.
  Time since last request: 31.481361 seconds.
  path: Assets/Prefabs/Player/=PLAYER=.prefab
  artifactKey: Guid(4a58fa509b32355459e880b4c7d011cb) Importer(815301076,1909f56bfc062723c751e8b465ee728b)
Start importing Assets/Prefabs/Player/=PLAYER=.prefab using Guid(4a58fa509b32355459e880b4c7d011cb) Importer(815301076,1909f56bfc062723c751e8b465ee728b)  -> (artifact id: '7a109284edcb96b43607618b88342058') in 0.099725 seconds 
  Import took 0.109557 seconds .

========================================================================
Received Import Request.
  Time since last request: 70.079154 seconds.
  path: Assets/Models
  artifactKey: Guid(0bf9ee160d341374ba7c0a43266e71b3) Importer(815301076,1909f56bfc062723c751e8b465ee728b)
Start importing Assets/Models using Guid(0bf9ee160d341374ba7c0a43266e71b3) Importer(815301076,1909f56bfc062723c751e8b465ee728b)  -> (artifact id: 'c7a23eeccf2284541f116e14334ea476') in 0.007045 seconds 
  Import took 0.017011 seconds .

========================================================================
Received Import Request.
  Time since last request: 0.049146 seconds.
  path: Assets/Models/bow.fbx
  artifactKey: Guid(021dfaf0f9761c9478391898e8063134) Importer(815301076,1909f56bfc062723c751e8b465ee728b)
Start importing Assets/Models/bow.fbx using Guid(021dfaf0f9761c9478391898e8063134) Importer(815301076,1909f56bfc062723c751e8b465ee728b)  -> (artifact id: '80a319dd7826734f20c12b101730d213') in 0.039976 seconds 
  Import took 0.048693 seconds .

========================================================================
Received Import Request.
  Time since last request: 0.000449 seconds.
  path: Assets/Models/Medieval_Bow.fbx
  artifactKey: Guid(7086ce6c4b602974987fc66cff5a6cca) Importer(815301076,1909f56bfc062723c751e8b465ee728b)
Start importing Assets/Models/Medieval_Bow.fbx using Guid(7086ce6c4b602974987fc66cff5a6cca) Importer(815301076,1909f56bfc062723c751e8b465ee728b)  -> (artifact id: '61e4d4d495a9a2d999eba54fdf32c3c6') in 0.355721 seconds 
  Import took 0.361948 seconds .

========================================================================
Received Import Request.
  Time since last request: 0.000314 seconds.
  path: Assets/Models/PortalGun.fbx
  artifactKey: Guid(86c4cc2c2e7833b4791aacdd4b2311f0) Importer(815301076,1909f56bfc062723c751e8b465ee728b)
Start importing Assets/Models/PortalGun.fbx using Guid(86c4cc2c2e7833b4791aacdd4b2311f0) Importer(815301076,1909f56bfc062723c751e8b465ee728b)  -> (artifact id: '1557ad6fb2ff51f7237c4a5148a5f9b8') in 0.110915 seconds 
  Import took 0.118197 seconds .

========================================================================
Received Import Request.
  Time since last request: 0.000354 seconds.
  path: Assets/Models/FlyingCar.fbx
  artifactKey: Guid(e70d046d6d9a4d54e9d62d6a534a21d1) Importer(815301076,1909f56bfc062723c751e8b465ee728b)
Start importing Assets/Models/FlyingCar.fbx using Guid(e70d046d6d9a4d54e9d62d6a534a21d1) Importer(815301076,1909f56bfc062723c751e8b465ee728b)  -> (artifact id: '1d55bd9b642ff0a21d6e41041fb8dacd') in 0.205765 seconds 
  Import took 0.212278 seconds .

========================================================================
Received Import Request.
  Time since last request: 0.000357 seconds.
  path: Assets/Models/fullTree.fbx
  artifactKey: Guid(5195796461d93684c8436b287fb153b1) Importer(815301076,1909f56bfc062723c751e8b465ee728b)
Start importing Assets/Models/fullTree.fbx using Guid(5195796461d93684c8436b287fb153b1) Importer(815301076,1909f56bfc062723c751e8b465ee728b)  -> (artifact id: '39f2fc810a32c5a15ae9ec4e0c5bca5d') in 0.117273 seconds 
  Import took 0.123149 seconds .

========================================================================
Received Import Request.
  Time since last request: 1.043962 seconds.
  path: Assets/Models/Player
  artifactKey: Guid(a629f84084a239b4dbfbe339c579c1cf) Importer(815301076,1909f56bfc062723c751e8b465ee728b)
Start importing Assets/Models/Player using Guid(a629f84084a239b4dbfbe339c579c1cf) Importer(815301076,1909f56bfc062723c751e8b465ee728b)  -> (artifact id: '1bb3e96378ada7a7cfa2997b5773b909') in 0.004754 seconds 
  Import took 0.013400 seconds .

========================================================================
Received Import Request.
  Time since last request: 0.054540 seconds.
  path: Assets/Models/Player/finalHuman.fbx
  artifactKey: Guid(f2ed06ad0ccc70b4eb9bb5394ac1b2af) Importer(815301076,1909f56bfc062723c751e8b465ee728b)
Start importing Assets/Models/Player/finalHuman.fbx using Guid(f2ed06ad0ccc70b4eb9bb5394ac1b2af) Importer(815301076,1909f56bfc062723c751e8b465ee728b)  -> (artifact id: '6e36699c51e0d81c7e7876383e7a3e7e') in 0.111643 seconds 
  Import took 0.120356 seconds .

========================================================================
Received Import Request.
  Time since last request: 0.000366 seconds.
  path: Assets/Models/Player/Upper.mask
  artifactKey: Guid(c58de61c54c956c47aa48a41b4a5276c) Importer(815301076,1909f56bfc062723c751e8b465ee728b)
Start importing Assets/Models/Player/Upper.mask using Guid(c58de61c54c956c47aa48a41b4a5276c) Importer(815301076,1909f56bfc062723c751e8b465ee728b)  -> (artifact id: 'ac959a61f28948b109be6c89f3e8713d') in 0.007155 seconds 
  Import took 0.016795 seconds .

========================================================================
Received Import Request.
  Time since last request: 0.000417 seconds.
  path: Assets/Models/Player/New Material.mat
  artifactKey: Guid(d14f28ee0754ce54c9ca63c8ffe0eebd) Importer(815301076,1909f56bfc062723c751e8b465ee728b)
Start importing Assets/Models/Player/New Material.mat using Guid(d14f28ee0754ce54c9ca63c8ffe0eebd) Importer(815301076,1909f56bfc062723c751e8b465ee728b)  -> (artifact id: 'c5af3aed2d42ea265519fc74486ad07d') in 0.017214 seconds 
  Import took 0.030536 seconds .

========================================================================
Received Prepare
Registering precompiled user dll's ...
Registered in 0.011852 seconds.
Begin MonoManager ReloadAssembly
Native extension for WindowsStandalone target not found
Refreshing native plugins compatible for Editor in 0.56 ms, found 2 plugins.
Preloading 0 native plugins for Editor in 0.00 ms.
Mono: successfully reloaded assembly
- Completed reload, in  1.429 seconds
Domain Reload Profiling:
	ReloadAssembly (1430ms)
		BeginReloadAssembly (145ms)
			ExecutionOrderSort (0ms)
			DisableScriptedObjects (7ms)
			BackupInstance (0ms)
			ReleaseScriptingObjects (0ms)
			CreateAndSetChildDomain (50ms)
		EndReloadAssembly (1210ms)
			LoadAssemblies (110ms)
			RebuildTransferFunctionScriptingTraits (0ms)
			SetupTypeCache (398ms)
			ReleaseScriptCaches (1ms)
			RebuildScriptCaches (60ms)
			SetupLoadedEditorAssemblies (520ms)
				LogAssemblyErrors (0ms)
				InitializePlatformSupportModulesInManaged (6ms)
				SetLoadedEditorAssemblies (1ms)
				RefreshPlugins (1ms)
				BeforeProcessingInitializeOnLoad (118ms)
				ProcessInitializeOnLoadAttributes (378ms)
				ProcessInitializeOnLoadMethodAttributes (8ms)
				AfterProcessingInitializeOnLoad (8ms)
				EditorAssembliesLoaded (0ms)
			ExecutionOrderSort2 (0ms)
			AwakeInstancesAfterBackupRestoration (8ms)
Platform modules already initialized, skipping
Refreshing native plugins compatible for Editor in 0.54 ms, found 2 plugins.
Preloading 0 native plugins for Editor in 0.00 ms.
Unloading 1946 Unused Serialized files (Serialized files now loaded: 0)
System memory in use before: 129.7 MB.
System memory in use after: 129.4 MB.

Unloading 20 unused Assets to reduce memory usage. Loaded Objects now: 2619.
Total: 5.237700 ms (FindLiveObjects: 0.280300 ms CreateObjectMapping: 0.113400 ms MarkObjects: 2.607900 ms  DeleteObjects: 2.234700 ms)

AssetImportParameters requested are different than current active one (requested -> active):
  custom:framework-win-MediaFoundation: 216162199b28c13a410421893ffa2e32 -> 
  custom:video-decoder-ogg-theora: a1e56fd34408186e4bbccfd4996cb3dc -> 
  custom:container-muxer-webm: aa71ff27fc2769a1b78a27578f13a17b -> 
  custom:container-demuxer-webm: 4f35f7cbe854078d1ac9338744f61a02 -> 
  custom:container-demuxer-ogg: 62fdf1f143b41e24485cea50d1cbac27 -> 
  custom:video-encoder-webm-vp8: eb34c28f22e8b96e1ab97ce403110664 -> 
  custom:video-decoder-webm-vp8: 9c59270c3fd7afecdb556c50c9e8de78 -> 
  custom:audio-decoder-ogg-vorbis: bf7c407c2cedff20999df2af8eb42d56 -> 
  custom:audio-encoder-webm-vorbis: bf7c407c2cedff20999df2af8eb42d56 -> 
========================================================================
Received Import Request.
  Time since last request: 14.847369 seconds.
  path: Assets/Models/Player/finalHuman.fbx
  artifactKey: Guid(f2ed06ad0ccc70b4eb9bb5394ac1b2af) Importer(815301076,1909f56bfc062723c751e8b465ee728b)
Start importing Assets/Models/Player/finalHuman.fbx using Guid(f2ed06ad0ccc70b4eb9bb5394ac1b2af) Importer(815301076,1909f56bfc062723c751e8b465ee728b)  -> (artifact id: '9566f5ae2d47de69f04c834088574352') in 0.189302 seconds 
  Import took 0.196717 seconds .

========================================================================
Received Import Request.
  Time since last request: 31.457873 seconds.
  path: Assets/Prefabs/Player/=PLAYER=.prefab
  artifactKey: Guid(4a58fa509b32355459e880b4c7d011cb) Importer(815301076,1909f56bfc062723c751e8b465ee728b)
Start importing Assets/Prefabs/Player/=PLAYER=.prefab using Guid(4a58fa509b32355459e880b4c7d011cb) Importer(815301076,1909f56bfc062723c751e8b465ee728b)  -> (artifact id: '52301f14e4ecb28ead779e00aac37cea') in 0.094661 seconds 
  Import took 0.105111 seconds .

========================================================================
Received Prepare
Registering precompiled user dll's ...
Registered in 0.006049 seconds.
Begin MonoManager ReloadAssembly
Native extension for WindowsStandalone target not found
Refreshing native plugins compatible for Editor in 0.52 ms, found 2 plugins.
Preloading 0 native plugins for Editor in 0.00 ms.
Mono: successfully reloaded assembly
- Completed reload, in  1.461 seconds
Domain Reload Profiling:
	ReloadAssembly (1462ms)
		BeginReloadAssembly (139ms)
			ExecutionOrderSort (0ms)
			DisableScriptedObjects (5ms)
			BackupInstance (0ms)
			ReleaseScriptingObjects (0ms)
			CreateAndSetChildDomain (49ms)
		EndReloadAssembly (1248ms)
			LoadAssemblies (121ms)
			RebuildTransferFunctionScriptingTraits (0ms)
			SetupTypeCache (362ms)
			ReleaseScriptCaches (1ms)
			RebuildScriptCaches (54ms)
			SetupLoadedEditorAssemblies (572ms)
				LogAssemblyErrors (0ms)
				InitializePlatformSupportModulesInManaged (7ms)
				SetLoadedEditorAssemblies (1ms)
				RefreshPlugins (1ms)
				BeforeProcessingInitializeOnLoad (100ms)
				ProcessInitializeOnLoadAttributes (444ms)
				ProcessInitializeOnLoadMethodAttributes (12ms)
				AfterProcessingInitializeOnLoad (8ms)
				EditorAssembliesLoaded (0ms)
			ExecutionOrderSort2 (0ms)
			AwakeInstancesAfterBackupRestoration (9ms)
Platform modules already initialized, skipping
Refreshing native plugins compatible for Editor in 0.98 ms, found 2 plugins.
Preloading 0 native plugins for Editor in 0.00 ms.
Unloading 1946 Unused Serialized files (Serialized files now loaded: 0)
System memory in use before: 129.7 MB.
System memory in use after: 129.5 MB.

Unloading 20 unused Assets to reduce memory usage. Loaded Objects now: 2623.
Total: 5.763800 ms (FindLiveObjects: 0.314900 ms CreateObjectMapping: 0.160500 ms MarkObjects: 3.711300 ms  DeleteObjects: 1.575400 ms)

AssetImportParameters requested are different than current active one (requested -> active):
  custom:framework-win-MediaFoundation: 216162199b28c13a410421893ffa2e32 -> 
  custom:video-decoder-ogg-theora: a1e56fd34408186e4bbccfd4996cb3dc -> 
  custom:container-muxer-webm: aa71ff27fc2769a1b78a27578f13a17b -> 
  custom:container-demuxer-webm: 4f35f7cbe854078d1ac9338744f61a02 -> 
  custom:container-demuxer-ogg: 62fdf1f143b41e24485cea50d1cbac27 -> 
  custom:video-encoder-webm-vp8: eb34c28f22e8b96e1ab97ce403110664 -> 
  custom:video-decoder-webm-vp8: 9c59270c3fd7afecdb556c50c9e8de78 -> 
  custom:audio-decoder-ogg-vorbis: bf7c407c2cedff20999df2af8eb42d56 -> 
  custom:audio-encoder-webm-vorbis: bf7c407c2cedff20999df2af8eb42d56 -> 
========================================================================
Received Import Request.
  Time since last request: 44.080180 seconds.
  path: Assets/Prefabs/Player/Animations/Falling To Roll.fbx
  artifactKey: Guid(db60f3479aa0a83468b73ca15554579e) Importer(815301076,1909f56bfc062723c751e8b465ee728b)
Start importing Assets/Prefabs/Player/Animations/Falling To Roll.fbx using Guid(db60f3479aa0a83468b73ca15554579e) Importer(815301076,1909f56bfc062723c751e8b465ee728b)  -> (artifact id: '5801c8deb0497cb2e954049edce7a357') in 0.188584 seconds 
  Import took 0.196263 seconds .

========================================================================
Received Import Request.
  Time since last request: 0.000362 seconds.
  path: Assets/Prefabs/Player/Animations/Running.fbx
  artifactKey: Guid(77d1392739199204fb50eb165a157e65) Importer(815301076,1909f56bfc062723c751e8b465ee728b)
Start importing Assets/Prefabs/Player/Animations/Running.fbx using Guid(77d1392739199204fb50eb165a157e65) Importer(815301076,1909f56bfc062723c751e8b465ee728b)  -> (artifact id: '61b5e76b2f31ab8800a83f7f64be074d') in 0.105825 seconds 
  Import took 0.113517 seconds .

========================================================================
Received Import Request.
  Time since last request: 0.000627 seconds.
  path: Assets/Prefabs/Player/Animations/Jump.fbx
  artifactKey: Guid(f84676ce415de79409035fd5081cdec6) Importer(815301076,1909f56bfc062723c751e8b465ee728b)
Start importing Assets/Prefabs/Player/Animations/Jump.fbx using Guid(f84676ce415de79409035fd5081cdec6) Importer(815301076,1909f56bfc062723c751e8b465ee728b)  -> (artifact id: 'f41a95eae63044ba84c9b0f2b08cbb4d') in 0.113263 seconds 
  Import took 0.125309 seconds .

========================================================================
Received Import Request.
  Time since last request: 0.000424 seconds.
  path: Assets/Prefabs/Player/Animations/Hard Landing.fbx
  artifactKey: Guid(6bece60456afd6f48b2adb62be190a91) Importer(815301076,1909f56bfc062723c751e8b465ee728b)
Start importing Assets/Prefabs/Player/Animations/Hard Landing.fbx using Guid(6bece60456afd6f48b2adb62be190a91) Importer(815301076,1909f56bfc062723c751e8b465ee728b)  -> (artifact id: '20af5bbfc5d1bb60236e9ee11fc29d26') in 0.141446 seconds 
  Import took 0.148756 seconds .

========================================================================
Received Import Request.
  Time since last request: 0.000333 seconds.
  path: Assets/Prefabs/Player/Animations/Jog.fbx
  artifactKey: Guid(ab4a55dc9190e7d4489a3a990c398ae6) Importer(815301076,1909f56bfc062723c751e8b465ee728b)
Start importing Assets/Prefabs/Player/Animations/Jog.fbx using Guid(ab4a55dc9190e7d4489a3a990c398ae6) Importer(815301076,1909f56bfc062723c751e8b465ee728b)  -> (artifact id: 'fc2f0f0155d203c604c548152164df7b') in 0.128315 seconds 
  Import took 0.135468 seconds .

========================================================================
Received Import Request.
  Time since last request: 0.000372 seconds.
  path: Assets/Prefabs/Player/Animations/Neutral Idle (1).fbx
  artifactKey: Guid(613a8f63e615d644aa7d5c5a4cc3d70b) Importer(815301076,1909f56bfc062723c751e8b465ee728b)
Start importing Assets/Prefabs/Player/Animations/Neutral Idle (1).fbx using Guid(613a8f63e615d644aa7d5c5a4cc3d70b) Importer(815301076,1909f56bfc062723c751e8b465ee728b)  -> (artifact id: '888a688bcf808bcfe66517039beeee7c') in 0.131268 seconds 
  Import took 0.137414 seconds .

========================================================================
Received Import Request.
  Time since last request: 0.000369 seconds.
  path: Assets/Prefabs/Player/Animations/Standing W_Briefcase Idle.fbx
  artifactKey: Guid(03c5e530811583444adcd96b574b01a0) Importer(815301076,1909f56bfc062723c751e8b465ee728b)
Start importing Assets/Prefabs/Player/Animations/Standing W_Briefcase Idle.fbx using Guid(03c5e530811583444adcd96b574b01a0) Importer(815301076,1909f56bfc062723c751e8b465ee728b)  -> (artifact id: 'c5f872324d1ac001301881b3d1c3454b') in 0.134823 seconds 
  Import took 0.141227 seconds .

========================================================================
Received Import Request.
  Time since last request: 0.000522 seconds.
  path: Assets/Prefabs/Player/Animations/Falling Idle.fbx
  artifactKey: Guid(aad017835d1b4eb4ca8c1ad683763547) Importer(815301076,1909f56bfc062723c751e8b465ee728b)
Start importing Assets/Prefabs/Player/Animations/Falling Idle.fbx using Guid(aad017835d1b4eb4ca8c1ad683763547) Importer(815301076,1909f56bfc062723c751e8b465ee728b)  -> (artifact id: '521864fce13fe409ecadcf96bf4c0006') in 0.124454 seconds 
  Import took 0.133487 seconds .

========================================================================
Received Import Request.
  Time since last request: 3.148118 seconds.
  path: Assets/Prefabs/Player/Animations/Falling Idle.fbx
  artifactKey: Guid(aad017835d1b4eb4ca8c1ad683763547) Importer(815301076,1909f56bfc062723c751e8b465ee728b)
Start importing Assets/Prefabs/Player/Animations/Falling Idle.fbx using Guid(aad017835d1b4eb4ca8c1ad683763547) Importer(815301076,1909f56bfc062723c751e8b465ee728b)  -> (artifact id: '025b2a7a15fc187c76699b9ca3ebf570') in 0.178066 seconds 
  Import took 0.185926 seconds .

========================================================================
Received Import Request.
  Time since last request: 0.000362 seconds.
  path: Assets/Prefabs/Player/Animations/Falling To Roll.fbx
  artifactKey: Guid(db60f3479aa0a83468b73ca15554579e) Importer(815301076,1909f56bfc062723c751e8b465ee728b)
Start importing Assets/Prefabs/Player/Animations/Falling To Roll.fbx using Guid(db60f3479aa0a83468b73ca15554579e) Importer(815301076,1909f56bfc062723c751e8b465ee728b)  -> (artifact id: 'c5ed036fb875986900e620393ac1b5e3') in 0.129880 seconds 
  Import took 0.136835 seconds .

========================================================================
Received Import Request.
  Time since last request: 0.000402 seconds.
  path: Assets/Prefabs/Player/Animations/Running.fbx
  artifactKey: Guid(77d1392739199204fb50eb165a157e65) Importer(815301076,1909f56bfc062723c751e8b465ee728b)
Start importing Assets/Prefabs/Player/Animations/Running.fbx using Guid(77d1392739199204fb50eb165a157e65) Importer(815301076,1909f56bfc062723c751e8b465ee728b)  -> (artifact id: 'f2c51c6a7824e5f95e7655ea8ed25253') in 0.118267 seconds 
  Import took 0.125813 seconds .

========================================================================
Received Import Request.
  Time since last request: 0.000415 seconds.
  path: Assets/Prefabs/Player/Animations/Jump.fbx
  artifactKey: Guid(f84676ce415de79409035fd5081cdec6) Importer(815301076,1909f56bfc062723c751e8b465ee728b)
Start importing Assets/Prefabs/Player/Animations/Jump.fbx using Guid(f84676ce415de79409035fd5081cdec6) Importer(815301076,1909f56bfc062723c751e8b465ee728b)  -> (artifact id: '0ea25194139cb346517f369d383c01ad') in 0.130502 seconds 
  Import took 0.136693 seconds .

========================================================================
Received Import Request.
  Time since last request: 0.000437 seconds.
  path: Assets/Prefabs/Player/Animations/Hard Landing.fbx
  artifactKey: Guid(6bece60456afd6f48b2adb62be190a91) Importer(815301076,1909f56bfc062723c751e8b465ee728b)
Start importing Assets/Prefabs/Player/Animations/Hard Landing.fbx using Guid(6bece60456afd6f48b2adb62be190a91) Importer(815301076,1909f56bfc062723c751e8b465ee728b)  -> (artifact id: '2dd39249ac2bc9bdd88bb8865111e17f') in 0.123740 seconds 
  Import took 0.131752 seconds .

========================================================================
Received Import Request.
  Time since last request: 0.000456 seconds.
  path: Assets/Prefabs/Player/Animations/Jog.fbx
  artifactKey: Guid(ab4a55dc9190e7d4489a3a990c398ae6) Importer(815301076,1909f56bfc062723c751e8b465ee728b)
Start importing Assets/Prefabs/Player/Animations/Jog.fbx using Guid(ab4a55dc9190e7d4489a3a990c398ae6) Importer(815301076,1909f56bfc062723c751e8b465ee728b)  -> (artifact id: 'a2231f35dfd9051ac62f3c5a7dfc943d') in 0.134197 seconds 
  Import took 0.142723 seconds .

========================================================================
Received Import Request.
  Time since last request: 0.000310 seconds.
  path: Assets/Prefabs/Player/Animations/Neutral Idle (1).fbx
  artifactKey: Guid(613a8f63e615d644aa7d5c5a4cc3d70b) Importer(815301076,1909f56bfc062723c751e8b465ee728b)
Start importing Assets/Prefabs/Player/Animations/Neutral Idle (1).fbx using Guid(613a8f63e615d644aa7d5c5a4cc3d70b) Importer(815301076,1909f56bfc062723c751e8b465ee728b)  -> (artifact id: 'da8897fca6aec3832ca4407ff43106d4') in 0.118868 seconds 
  Import took 0.124279 seconds .

========================================================================
Received Import Request.
  Time since last request: 0.000507 seconds.
  path: Assets/Prefabs/Player/Animations/Standing W_Briefcase Idle.fbx
  artifactKey: Guid(03c5e530811583444adcd96b574b01a0) Importer(815301076,1909f56bfc062723c751e8b465ee728b)
Start importing Assets/Prefabs/Player/Animations/Standing W_Briefcase Idle.fbx using Guid(03c5e530811583444adcd96b574b01a0) Importer(815301076,1909f56bfc062723c751e8b465ee728b)  -> (artifact id: 'df5b4a0a0be11d816e0901e23afc9549') in 0.118367 seconds 
  Import took 0.124266 seconds .

========================================================================
Received Prepare
Registering precompiled user dll's ...
Registered in 0.006009 seconds.
Begin MonoManager ReloadAssembly
Native extension for WindowsStandalone target not found
Refreshing native plugins compatible for Editor in 0.95 ms, found 2 plugins.
Preloading 0 native plugins for Editor in 0.00 ms.
Mono: successfully reloaded assembly
- Completed reload, in  2.036 seconds
Domain Reload Profiling:
	ReloadAssembly (2037ms)
		BeginReloadAssembly (206ms)
			ExecutionOrderSort (0ms)
			DisableScriptedObjects (9ms)
			BackupInstance (0ms)
			ReleaseScriptingObjects (0ms)
			CreateAndSetChildDomain (71ms)
		EndReloadAssembly (1717ms)
			LoadAssemblies (160ms)
			RebuildTransferFunctionScriptingTraits (0ms)
			SetupTypeCache (540ms)
			ReleaseScriptCaches (3ms)
			RebuildScriptCaches (76ms)
			SetupLoadedEditorAssemblies (763ms)
				LogAssemblyErrors (0ms)
				InitializePlatformSupportModulesInManaged (9ms)
				SetLoadedEditorAssemblies (1ms)
				RefreshPlugins (1ms)
				BeforeProcessingInitializeOnLoad (161ms)
				ProcessInitializeOnLoadAttributes (567ms)
				ProcessInitializeOnLoadMethodAttributes (14ms)
				AfterProcessingInitializeOnLoad (10ms)
				EditorAssembliesLoaded (0ms)
			ExecutionOrderSort2 (0ms)
			AwakeInstancesAfterBackupRestoration (13ms)
Platform modules already initialized, skipping
Refreshing native plugins compatible for Editor in 1.59 ms, found 2 plugins.
Preloading 0 native plugins for Editor in 0.00 ms.
Unloading 1946 Unused Serialized files (Serialized files now loaded: 0)
System memory in use before: 129.8 MB.
System memory in use after: 129.6 MB.

Unloading 19 unused Assets to reduce memory usage. Loaded Objects now: 2627.
Total: 9.567500 ms (FindLiveObjects: 0.457000 ms CreateObjectMapping: 0.301700 ms MarkObjects: 7.152600 ms  DeleteObjects: 1.650500 ms)

AssetImportParameters requested are different than current active one (requested -> active):
  custom:framework-win-MediaFoundation: 216162199b28c13a410421893ffa2e32 -> 
  custom:video-decoder-ogg-theora: a1e56fd34408186e4bbccfd4996cb3dc -> 
  custom:container-muxer-webm: aa71ff27fc2769a1b78a27578f13a17b -> 
  custom:container-demuxer-webm: 4f35f7cbe854078d1ac9338744f61a02 -> 
  custom:container-demuxer-ogg: 62fdf1f143b41e24485cea50d1cbac27 -> 
  custom:video-encoder-webm-vp8: eb34c28f22e8b96e1ab97ce403110664 -> 
  custom:video-decoder-webm-vp8: 9c59270c3fd7afecdb556c50c9e8de78 -> 
  custom:audio-decoder-ogg-vorbis: bf7c407c2cedff20999df2af8eb42d56 -> 
  custom:audio-encoder-webm-vorbis: bf7c407c2cedff20999df2af8eb42d56 -> 
========================================================================
Received Import Request.
  Time since last request: 68.013157 seconds.
  path: Assets/Prefabs/Player/Animations/Jog.fbx
  artifactKey: Guid(ab4a55dc9190e7d4489a3a990c398ae6) Importer(815301076,1909f56bfc062723c751e8b465ee728b)
Start importing Assets/Prefabs/Player/Animations/Jog.fbx using Guid(ab4a55dc9190e7d4489a3a990c398ae6) Importer(815301076,1909f56bfc062723c751e8b465ee728b)  -> (artifact id: 'b16cdba0418de2dd7d1d15753d2ce5d9') in 0.278135 seconds 
  Import took 0.289113 seconds .

========================================================================
Received Import Request.
  Time since last request: 15.677943 seconds.
  path: Assets/Prefabs/Player/Animations/Falling To Roll.fbx
  artifactKey: Guid(db60f3479aa0a83468b73ca15554579e) Importer(815301076,1909f56bfc062723c751e8b465ee728b)
Start importing Assets/Prefabs/Player/Animations/Falling To Roll.fbx using Guid(db60f3479aa0a83468b73ca15554579e) Importer(815301076,1909f56bfc062723c751e8b465ee728b)  -> (artifact id: '93e8270e9d59475f712def7eb9e0a302') in 0.131240 seconds 
  Import took 0.140054 seconds .

========================================================================
Received Import Request.
  Time since last request: 18.241844 seconds.
  path: Assets/Prefabs/Player/Animations/Falling To Roll.fbx
  artifactKey: Guid(db60f3479aa0a83468b73ca15554579e) Importer(815301076,1909f56bfc062723c751e8b465ee728b)
Start importing Assets/Prefabs/Player/Animations/Falling To Roll.fbx using Guid(db60f3479aa0a83468b73ca15554579e) Importer(815301076,1909f56bfc062723c751e8b465ee728b)  -> (artifact id: 'f167137e1150275df88d39db712f396b') in 0.138950 seconds 
  Import took 0.146305 seconds .

========================================================================
Received Import Request.
  Time since last request: 13.496447 seconds.
  path: Assets/Prefabs/Player/Animations/Falling To Roll.fbx
  artifactKey: Guid(db60f3479aa0a83468b73ca15554579e) Importer(815301076,1909f56bfc062723c751e8b465ee728b)
Start importing Assets/Prefabs/Player/Animations/Falling To Roll.fbx using Guid(db60f3479aa0a83468b73ca15554579e) Importer(815301076,1909f56bfc062723c751e8b465ee728b)  -> (artifact id: '6344cd662fff2b88ac7662e299ef8a55') in 0.134338 seconds 
  Import took 0.149010 seconds .

========================================================================
Received Import Request.
  Time since last request: 9.765560 seconds.
  path: Assets/Prefabs/Player/Animations/Falling To Roll.fbx
  artifactKey: Guid(db60f3479aa0a83468b73ca15554579e) Importer(815301076,1909f56bfc062723c751e8b465ee728b)
Start importing Assets/Prefabs/Player/Animations/Falling To Roll.fbx using Guid(db60f3479aa0a83468b73ca15554579e) Importer(815301076,1909f56bfc062723c751e8b465ee728b)  -> (artifact id: 'b4ad7a2ef54acdd52a30192834149a54') in 0.150517 seconds 
  Import took 0.158489 seconds .

========================================================================
Received Import Request.
  Time since last request: 0.002305 seconds.
  path: Assets/Prefabs/Player/Animations/Falling To Roll.fbx
  artifactKey: Guid(db60f3479aa0a83468b73ca15554579e) Importer(815301076,1909f56bfc062723c751e8b465ee728b)
Start importing Assets/Prefabs/Player/Animations/Falling To Roll.fbx using Guid(db60f3479aa0a83468b73ca15554579e) Importer(815301076,1909f56bfc062723c751e8b465ee728b)  -> (artifact id: 'b4ad7a2ef54acdd52a30192834149a54') in 0.148804 seconds 
  Import took 0.163067 seconds .

========================================================================
Received Prepare
Registering precompiled user dll's ...
Registered in 0.005751 seconds.
Begin MonoManager ReloadAssembly
Native extension for WindowsStandalone target not found
Refreshing native plugins compatible for Editor in 0.50 ms, found 2 plugins.
Preloading 0 native plugins for Editor in 0.00 ms.
Mono: successfully reloaded assembly
- Completed reload, in  1.217 seconds
Domain Reload Profiling:
	ReloadAssembly (1218ms)
		BeginReloadAssembly (144ms)
			ExecutionOrderSort (0ms)
			DisableScriptedObjects (5ms)
			BackupInstance (0ms)
			ReleaseScriptingObjects (0ms)
			CreateAndSetChildDomain (52ms)
		EndReloadAssembly (1009ms)
			LoadAssemblies (92ms)
			RebuildTransferFunctionScriptingTraits (0ms)
			SetupTypeCache (317ms)
			ReleaseScriptCaches (1ms)
			RebuildScriptCaches (47ms)
			SetupLoadedEditorAssemblies (451ms)
				LogAssemblyErrors (0ms)
				InitializePlatformSupportModulesInManaged (5ms)
				SetLoadedEditorAssemblies (0ms)
				RefreshPlugins (1ms)
				BeforeProcessingInitializeOnLoad (93ms)
				ProcessInitializeOnLoadAttributes (338ms)
				ProcessInitializeOnLoadMethodAttributes (7ms)
				AfterProcessingInitializeOnLoad (6ms)
				EditorAssembliesLoaded (0ms)
			ExecutionOrderSort2 (0ms)
			AwakeInstancesAfterBackupRestoration (7ms)
Platform modules already initialized, skipping
Refreshing native plugins compatible for Editor in 0.71 ms, found 2 plugins.
Preloading 0 native plugins for Editor in 0.00 ms.
Unloading 1946 Unused Serialized files (Serialized files now loaded: 0)
System memory in use before: 129.9 MB.
System memory in use after: 129.7 MB.

Unloading 19 unused Assets to reduce memory usage. Loaded Objects now: 2631.
Total: 4.680600 ms (FindLiveObjects: 0.343300 ms CreateObjectMapping: 0.111800 ms MarkObjects: 3.502100 ms  DeleteObjects: 0.718100 ms)

AssetImportParameters requested are different than current active one (requested -> active):
  custom:framework-win-MediaFoundation: 216162199b28c13a410421893ffa2e32 -> 
  custom:video-decoder-ogg-theora: a1e56fd34408186e4bbccfd4996cb3dc -> 
  custom:container-muxer-webm: aa71ff27fc2769a1b78a27578f13a17b -> 
  custom:container-demuxer-webm: 4f35f7cbe854078d1ac9338744f61a02 -> 
  custom:container-demuxer-ogg: 62fdf1f143b41e24485cea50d1cbac27 -> 
  custom:video-encoder-webm-vp8: eb34c28f22e8b96e1ab97ce403110664 -> 
  custom:video-decoder-webm-vp8: 9c59270c3fd7afecdb556c50c9e8de78 -> 
  custom:audio-decoder-ogg-vorbis: bf7c407c2cedff20999df2af8eb42d56 -> 
  custom:audio-encoder-webm-vorbis: bf7c407c2cedff20999df2af8eb42d56 -> 
AssetImportWorkerClient::OnTransportError - code=2 error=End of file
